<?xml version="1.0" encoding="UTF-8"?>
<!-- Generated by org.testng.reporters.JUnitXMLReporter -->
<testsuite ignored="0" hostname="DESKTOP-129QNFA" failures="0" tests="4" name="Cart Loan" time="4.033" errors="0" timestamp="2020-06-09T16:12:49 IST">
  <testcase classname="package1.Test3" name="m5" time="1.002"/>
  <testcase classname="package1.Test3" name="m6" time="1.005"/>
  <testcase classname="package2.Test4" name="m7" time="1.005"/>
  <testcase classname="package2.Test4" name="m8" time="1.004"/>
</testsuite> <!-- Cart Loan -->
