<?xml version="1.0" encoding="UTF-8"?>
<!-- Generated by org.testng.reporters.JUnitXMLReporter -->
<testsuite ignored="0" hostname="DESKTOP-129QNFA" failures="0" tests="5" name="Personal Loan" time="0.113" errors="0" timestamp="2020-06-07T22:43:05 IST">
  <testcase classname="package1.Test1" name="cobile" time="0.009"/>
  <testcase classname="package1.Test1" name="m1" time="0.007"/>
  <testcase classname="package1.Test1" name="m2" time="0.005"/>
  <testcase classname="package1.Test2" name="m3" time="0.003"/>
  <testcase classname="package1.Test2" name="m4" time="0.005"/>
</testsuite> <!-- Personal Loan -->
