<?xml version="1.0" encoding="UTF-8"?>
<!-- Generated by org.testng.reporters.JUnitXMLReporter -->
<testsuite ignored="0" hostname="DESKTOP-129QNFA" failures="0" tests="5" name="Default test" time="14.284" errors="0" timestamp="2020-06-09T16:32:26 IST">
  <testcase classname="package1.Test1" name="m1" time="12.079"/>
  <testcase classname="package1.Test1" name="m1" time="12.079"/>
  <testcase classname="package1.Test1" name="m1" time="12.169"/>
  <testcase classname="package1.Test1" name="m1" time="12.269"/>
  <testcase classname="package1.Test1" name="m1" time="14.207"/>
</testsuite> <!-- Default test -->
